<?xml version="1.0" encoding="UTF-8"?>
<!-- Generated by org.testng.reporters.JUnitReportReporter -->
<testsuite skipped="0" hostname="DESKTOP-U7SJ8MA" name="runner.TestRunner" tests="5" failures="0" timestamp="11 Feb 2025 11:41:54 GMT" time="0.202" errors="0">
  <testcase name="runScenario" time="0.027" classname="runner.TestRunner"/>
  <testcase name="runScenario" time="0.115" classname="runner.TestRunner"/>
  <testcase name="runScenario" time="0.024" classname="runner.TestRunner"/>
  <testcase name="runScenario" time="0.015" classname="runner.TestRunner"/>
  <testcase name="runScenario" time="0.021" classname="runner.TestRunner"/>
</testsuite> <!-- runner.TestRunner -->
